<?xml version="1.0" encoding="UTF-8"?>
<!-- Generated by org.testng.reporters.JUnitXMLReporter -->
<testsuite ignored="2" hostname="DESKTOP-FUOBAD1" failures="0" tests="1" name="Test" time="39.252" errors="0" timestamp="2021-08-24T14:24:26 IST">
  <testcase classname="com.vtiger.takebizglobal.productTestcases.SearchProductTest" name="SearchProductByProductNumber" time="23.573"/>
  <testcase classname="com.vtiger.takebizglobal.productTestcases.SearchProductTest" name="SearchProductByPartNumber" time="0.0">
    <ignored/>
  </testcase> <!-- SearchProductByPartNumber -->
  <testcase classname="com.vtiger.takebizglobal.productTestcases.SearchProductTest" name="SearchProductByCommissionRate" time="0.0">
    <ignored/>
  </testcase> <!-- SearchProductByCommissionRate -->
</testsuite> <!-- Test -->
