<?xml version="1.0" encoding="UTF-8"?>
<!-- Generated by org.testng.reporters.JUnitXMLReporter -->
<testsuite ignored="1" hostname="DESKTOP-FUOBAD1" failures="0" tests="2" name="Test" time="67.868" errors="0" timestamp="2021-08-24T14:02:01 IST">
  <testcase classname="com.vtiger.takebizglobal.productTestcases.SearchProductTest" name="SearchProductByCommissionRate" time="24.139"/>
  <testcase classname="com.vtiger.takebizglobal.productTestcases.SearchProductTest" name="SearchProductByPartNumber" time="16.69"/>
  <testcase classname="com.vtiger.takebizglobal.productTestcases.SearchProductTest" name="SearchProductByProductNumber" time="0.0">
    <ignored/>
  </testcase> <!-- SearchProductByProductNumber -->
</testsuite> <!-- Test -->
