<?xml version="1.0" encoding="UTF-8"?>
<!-- Generated by org.testng.reporters.JUnitXMLReporter -->
<testsuite ignored="0" hostname="DESKTOP-FUOBAD1" failures="0" tests="3" name="TestRunner1" time="0.075" errors="0" timestamp="2021-08-25T10:25:59 IST">
  <testcase classname="com.vtiger.takebizglobal.packagefordistributedExec.ClassForDitributedParallelExec" name="CreateProd" time="0.01"/>
  <testcase classname="com.vtiger.takebizglobal.packagefordistributedExec.ClassForDitributedParallelExec" name="CreateProdWithCommRate" time="0.003"/>
  <testcase classname="com.vtiger.takebizglobal.packagefordistributedExec.ClassForDitributedParallelExec" name="CreateProdWithPartNum" time="0.001"/>
</testsuite> <!-- TestRunner1 -->
