<?xml version="1.0" encoding="UTF-8"?>
<!-- Generated by org.testng.reporters.JUnitXMLReporter -->
<testsuite ignored="0" hostname="DESKTOP-FUOBAD1" failures="0" tests="3" name="TestRunner2" time="80.032" errors="0" timestamp="2021-08-25T10:27:19 IST">
  <testcase classname="com.vtiger.takebizglobal.productTestcases.SearchProductTest" name="SearchProductByCommissionRate" time="15.493"/>
  <testcase classname="com.vtiger.takebizglobal.productTestcases.SearchProductTest" name="SearchProductByPartNumber" time="17.461"/>
  <testcase classname="com.vtiger.takebizglobal.productTestcases.SearchProductTest" name="SearchProductByProductNumber" time="20.384"/>
</testsuite> <!-- TestRunner2 -->
